
*** Running vivado
    with args -log main.vds -m64 -product Vivado -mode batch -messageDb vivado.pb -notrace -source main.tcl


ECHO is off.
ECHO is off.

****** Vivado v2023.2 (64-bit)
  **** SW Build 4029153 on Fri Oct 13 20:14:34 MDT 2023
  **** IP Build 4028589 on Sat Oct 14 00:45:43 MDT 2023
  **** SharedData Build 4025554 on Tue Oct 10 17:18:54 MDT 2023
    ** Copyright 1986-2022 Xilinx, Inc. All Rights Reserved.
    ** Copyright 2022-2023 Advanced Micro Devices, Inc. All Rights Reserved.

source main.tcl -notrace
create_project: Time (s): cpu = 00:00:02 ; elapsed = 00:00:06 . Memory (MB): peak = 456.734 ; gain = 184.223
Command: read_checkpoint -auto_incremental -incremental C:/Users/Andi/Desktop/ProiectSCID_Ripanu_Tiselita/ProiectSCID_Ripanu_Tiselita.srcs/utils_1/imports/synth_1/main.dcp
INFO: [Vivado 12-5825] Read reference checkpoint from C:/Users/Andi/Desktop/ProiectSCID_Ripanu_Tiselita/ProiectSCID_Ripanu_Tiselita.srcs/utils_1/imports/synth_1/main.dcp for incremental synthesis
INFO: [Vivado 12-7989] Please ensure there are no constraint changes
Command: synth_design -top main -part xa7a35tcpg236-1I
Starting synth_design
Attempting to get a license for feature 'Synthesis' and/or device 'xa7a35t'
INFO: [Common 17-349] Got license for feature 'Synthesis' and/or device 'xa7a35t'
INFO: [Device 21-403] Loading part xa7a35tcpg236-1I
INFO: [Designutils 20-5440] No compile time benefit to using incremental synthesis; A full resynthesis will be run
INFO: [Designutils 20-4379] Flow is switching to default flow due to incremental criteria not met. If you would like to alter this behaviour and have the flow terminate instead, please set the following parameter config_implementation {autoIncr.Synth.RejectBehavior Terminate}
INFO: [Synth 8-7079] Multithreading enabled for synth_design using a maximum of 2 processes.
INFO: [Synth 8-7078] Launching helper process for spawning children vivado processes
INFO: [Synth 8-7075] Helper process launched with PID 22508

*** Running vivado
    with args -log main.vds -m64 -product Vivado -mode batch -messageDb vivado.pb -notrace -source main.tcl


ECHO is off.
ECHO is off.

****** Vivado v2023.2 (64-bit)
  **** SW Build 4029153 on Fri Oct 13 20:14:34 MDT 2023
  **** IP Build 4028589 on Sat Oct 14 00:45:43 MDT 2023
  **** SharedData Build 4025554 on Tue Oct 10 17:18:54 MDT 2023
    ** Copyright 1986-2022 Xilinx, Inc. All Rights Reserved.
    ** Copyright 2022-2023 Advanced Micro Devices, Inc. All Rights Reserved.

source main.tcl -notrace
create_project: Time (s): cpu = 00:00:03 ; elapsed = 00:00:07 . Memory (MB): peak = 456.793 ; gain = 180.660
Command: read_checkpoint -auto_incremental -incremental C:/Users/Andi/Desktop/ProiectSCID_Ripanu_Tiselita/ProiectSCID_Ripanu_Tiselita.srcs/utils_1/imports/synth_1/main.dcp
INFO: [Vivado 12-5825] Read reference checkpoint from C:/Users/Andi/Desktop/ProiectSCID_Ripanu_Tiselita/ProiectSCID_Ripanu_Tiselita.srcs/utils_1/imports/synth_1/main.dcp for incremental synthesis
INFO: [Vivado 12-7989] Please ensure there are no constraint changes
Command: synth_design -top main -part xa7a35tcpg236-1I
Starting synth_design
Attempting to get a license for feature 'Synthesis' and/or device 'xa7a35t'
INFO: [Common 17-349] Got license for feature 'Synthesis' and/or device 'xa7a35t'
INFO: [Device 21-403] Loading part xa7a35tcpg236-1I
INFO: [Designutils 20-5440] No compile time benefit to using incremental synthesis; A full resynthesis will be run
INFO: [Designutils 20-4379] Flow is switching to default flow due to incremental criteria not met. If you would like to alter this behaviour and have the flow terminate instead, please set the following parameter config_implementation {autoIncr.Synth.RejectBehavior Terminate}
INFO: [Synth 8-7079] Multithreading enabled for synth_design using a maximum of 2 processes.
INFO: [Synth 8-7078] Launching helper process for spawning children vivado processes
INFO: [Synth 8-7075] Helper process launched with PID 18732
---------------------------------------------------------------------------------
Starting RTL Elaboration : Time (s): cpu = 00:00:02 ; elapsed = 00:00:06 . Memory (MB): peak = 1293.566 ; gain = 439.715
---------------------------------------------------------------------------------
INFO: [Synth 8-638] synthesizing module 'main' [C:/Users/Andi/Desktop/ProiectSCID_Ripanu_Tiselita/ProiectSCID_Ripanu_Tiselita.srcs/sources_1/new/main.vhd:13]
INFO: [Synth 8-3491] module 'period_control' declared at 'C:/Users/Andi/Desktop/ProiectSCID_Ripanu_Tiselita/ProiectSCID_Ripanu_Tiselita.srcs/sources_1/new/period_control.vhd:6' bound to instance 'pc' of component 'period_control' [C:/Users/Andi/Desktop/ProiectSCID_Ripanu_Tiselita/ProiectSCID_Ripanu_Tiselita.srcs/sources_1/new/main.vhd:36]
INFO: [Synth 8-638] synthesizing module 'period_control' [C:/Users/Andi/Desktop/ProiectSCID_Ripanu_Tiselita/ProiectSCID_Ripanu_Tiselita.srcs/sources_1/new/period_control.vhd:11]
INFO: [Synth 8-226] default block is never used [C:/Users/Andi/Desktop/ProiectSCID_Ripanu_Tiselita/ProiectSCID_Ripanu_Tiselita.srcs/sources_1/new/period_control.vhd:15]
INFO: [Synth 8-256] done synthesizing module 'period_control' (0#1) [C:/Users/Andi/Desktop/ProiectSCID_Ripanu_Tiselita/ProiectSCID_Ripanu_Tiselita.srcs/sources_1/new/period_control.vhd:11]
INFO: [Synth 8-3491] module 'seven_segment_display' declared at 'C:/Users/Andi/Desktop/ProiectSCID_Ripanu_Tiselita/ProiectSCID_Ripanu_Tiselita.srcs/sources_1/new/seven_segment_display.vhd:4' bound to instance 'ssd' of component 'seven_segment_display' [C:/Users/Andi/Desktop/ProiectSCID_Ripanu_Tiselita/ProiectSCID_Ripanu_Tiselita.srcs/sources_1/new/main.vhd:41]
INFO: [Synth 8-638] synthesizing module 'seven_segment_display' [C:/Users/Andi/Desktop/ProiectSCID_Ripanu_Tiselita/ProiectSCID_Ripanu_Tiselita.srcs/sources_1/new/seven_segment_display.vhd:9]
INFO: [Synth 8-256] done synthesizing module 'seven_segment_display' (0#1) [C:/Users/Andi/Desktop/ProiectSCID_Ripanu_Tiselita/ProiectSCID_Ripanu_Tiselita.srcs/sources_1/new/seven_segment_display.vhd:9]
INFO: [Synth 8-3491] module 'pwm' declared at 'C:/Users/Andi/Desktop/ProiectSCID_Ripanu_Tiselita/ProiectSCID_Ripanu_Tiselita.srcs/sources_1/new/pwm.vhd:6' bound to instance 'pwm_gen' of component 'pwm' [C:/Users/Andi/Desktop/ProiectSCID_Ripanu_Tiselita/ProiectSCID_Ripanu_Tiselita.srcs/sources_1/new/main.vhd:46]
INFO: [Synth 8-638] synthesizing module 'pwm' [C:/Users/Andi/Desktop/ProiectSCID_Ripanu_Tiselita/ProiectSCID_Ripanu_Tiselita.srcs/sources_1/new/pwm.vhd:12]
INFO: [Synth 8-256] done synthesizing module 'pwm' (0#1) [C:/Users/Andi/Desktop/ProiectSCID_Ripanu_Tiselita/ProiectSCID_Ripanu_Tiselita.srcs/sources_1/new/pwm.vhd:12]
INFO: [Synth 8-256] done synthesizing module 'main' (0#1) [C:/Users/Andi/Desktop/ProiectSCID_Ripanu_Tiselita/ProiectSCID_Ripanu_Tiselita.srcs/sources_1/new/main.vhd:13]
---------------------------------------------------------------------------------
Finished RTL Elaboration : Time (s): cpu = 00:00:03 ; elapsed = 00:00:08 . Memory (MB): peak = 1401.387 ; gain = 547.535
---------------------------------------------------------------------------------
---------------------------------------------------------------------------------
Start Handling Custom Attributes
---------------------------------------------------------------------------------
---------------------------------------------------------------------------------
Finished Handling Custom Attributes : Time (s): cpu = 00:00:03 ; elapsed = 00:00:08 . Memory (MB): peak = 1401.387 ; gain = 547.535
---------------------------------------------------------------------------------
---------------------------------------------------------------------------------
Finished RTL Optimization Phase 1 : Time (s): cpu = 00:00:03 ; elapsed = 00:00:08 . Memory (MB): peak = 1401.387 ; gain = 547.535
---------------------------------------------------------------------------------
Netlist sorting complete. Time (s): cpu = 00:00:00 ; elapsed = 00:00:00.001 . Memory (MB): peak = 1401.387 ; gain = 0.000
INFO: [Project 1-570] Preparing netlist for logic optimization

Processing XDC Constraints
Initializing timing engine
Parsing XDC File [C:/Users/Andi/Desktop/ProiectSCID_Ripanu_Tiselita/ProiectSCID_Ripanu_Tiselita.srcs/constrs_1/new/basis3.xdc]
WARNING: [Vivado 12-584] No ports matched 'sw[3]'. [C:/Users/Andi/Desktop/ProiectSCID_Ripanu_Tiselita/ProiectSCID_Ripanu_Tiselita.srcs/constrs_1/new/basis3.xdc:15]
CRITICAL WARNING: [Common 17-55] 'set_property' expects at least one object. [C:/Users/Andi/Desktop/ProiectSCID_Ripanu_Tiselita/ProiectSCID_Ripanu_Tiselita.srcs/constrs_1/new/basis3.xdc:15]
Resolution: If [get_<value>] was used to populate the object, check to make sure this command returns at least one valid object.
WARNING: [Vivado 12-584] No ports matched 'sw[4]'. [C:/Users/Andi/Desktop/ProiectSCID_Ripanu_Tiselita/ProiectSCID_Ripanu_Tiselita.srcs/constrs_1/new/basis3.xdc:16]
CRITICAL WARNING: [Common 17-55] 'set_property' expects at least one object. [C:/Users/Andi/Desktop/ProiectSCID_Ripanu_Tiselita/ProiectSCID_Ripanu_Tiselita.srcs/constrs_1/new/basis3.xdc:16]
Resolution: If [get_<value>] was used to populate the object, check to make sure this command returns at least one valid object.
WARNING: [Vivado 12-584] No ports matched 'sw[5]'. [C:/Users/Andi/Desktop/ProiectSCID_Ripanu_Tiselita/ProiectSCID_Ripanu_Tiselita.srcs/constrs_1/new/basis3.xdc:17]
CRITICAL WARNING: [Common 17-55] 'set_property' expects at least one object. [C:/Users/Andi/Desktop/ProiectSCID_Ripanu_Tiselita/ProiectSCID_Ripanu_Tiselita.srcs/constrs_1/new/basis3.xdc:17]
Resolution: If [get_<value>] was used to populate the object, check to make sure this command returns at least one valid object.
WARNING: [Vivado 12-584] No ports matched 'sw[6]'. [C:/Users/Andi/Desktop/ProiectSCID_Ripanu_Tiselita/ProiectSCID_Ripanu_Tiselita.srcs/constrs_1/new/basis3.xdc:18]
CRITICAL WARNING: [Common 17-55] 'set_property' expects at least one object. [C:/Users/Andi/Desktop/ProiectSCID_Ripanu_Tiselita/ProiectSCID_Ripanu_Tiselita.srcs/constrs_1/new/basis3.xdc:18]
Resolution: If [get_<value>] was used to populate the object, check to make sure this command returns at least one valid object.
WARNING: [Vivado 12-584] No ports matched 'sw[7]'. [C:/Users/Andi/Desktop/ProiectSCID_Ripanu_Tiselita/ProiectSCID_Ripanu_Tiselita.srcs/constrs_1/new/basis3.xdc:19]
CRITICAL WARNING: [Common 17-55] 'set_property' expects at least one object. [C:/Users/Andi/Desktop/ProiectSCID_Ripanu_Tiselita/ProiectSCID_Ripanu_Tiselita.srcs/constrs_1/new/basis3.xdc:19]
Resolution: If [get_<value>] was used to populate the object, check to make sure this command returns at least one valid object.
WARNING: [Vivado 12-584] No ports matched 'sw[8]'. [C:/Users/Andi/Desktop/ProiectSCID_Ripanu_Tiselita/ProiectSCID_Ripanu_Tiselita.srcs/constrs_1/new/basis3.xdc:20]
CRITICAL WARNING: [Common 17-55] 'set_property' expects at least one object. [C:/Users/Andi/Desktop/ProiectSCID_Ripanu_Tiselita/ProiectSCID_Ripanu_Tiselita.srcs/constrs_1/new/basis3.xdc:20]
Resolution: If [get_<value>] was used to populate the object, check to make sure this command returns at least one valid object.
WARNING: [Vivado 12-584] No ports matched 'sw[9]'. [C:/Users/Andi/Desktop/ProiectSCID_Ripanu_Tiselita/ProiectSCID_Ripanu_Tiselita.srcs/constrs_1/new/basis3.xdc:21]
CRITICAL WARNING: [Common 17-55] 'set_property' expects at least one object. [C:/Users/Andi/Desktop/ProiectSCID_Ripanu_Tiselita/ProiectSCID_Ripanu_Tiselita.srcs/constrs_1/new/basis3.xdc:21]
Resolution: If [get_<value>] was used to populate the object, check to make sure this command returns at least one valid object.
WARNING: [Vivado 12-584] No ports matched 'sw[10]'. [C:/Users/Andi/Desktop/ProiectSCID_Ripanu_Tiselita/ProiectSCID_Ripanu_Tiselita.srcs/constrs_1/new/basis3.xdc:22]
CRITICAL WARNING: [Common 17-55] 'set_property' expects at least one object. [C:/Users/Andi/Desktop/ProiectSCID_Ripanu_Tiselita/ProiectSCID_Ripanu_Tiselita.srcs/constrs_1/new/basis3.xdc:22]
Resolution: If [get_<value>] was used to populate the object, check to make sure this command returns at least one valid object.
WARNING: [Vivado 12-584] No ports matched 'sw[11]'. [C:/Users/Andi/Desktop/ProiectSCID_Ripanu_Tiselita/ProiectSCID_Ripanu_Tiselita.srcs/constrs_1/new/basis3.xdc:23]
CRITICAL WARNING: [Common 17-55] 'set_property' expects at least one object. [C:/Users/Andi/Desktop/ProiectSCID_Ripanu_Tiselita/ProiectSCID_Ripanu_Tiselita.srcs/constrs_1/new/basis3.xdc:23]
Resolution: If [get_<value>] was used to populate the object, check to make sure this command returns at least one valid object.
WARNING: [Vivado 12-584] No ports matched 'sw[12]'. [C:/Users/Andi/Desktop/ProiectSCID_Ripanu_Tiselita/ProiectSCID_Ripanu_Tiselita.srcs/constrs_1/new/basis3.xdc:24]
CRITICAL WARNING: [Common 17-55] 'set_property' expects at least one object. [C:/Users/Andi/Desktop/ProiectSCID_Ripanu_Tiselita/ProiectSCID_Ripanu_Tiselita.srcs/constrs_1/new/basis3.xdc:24]
Resolution: If [get_<value>] was used to populate the object, check to make sure this command returns at least one valid object.
WARNING: [Vivado 12-584] No ports matched 'sw[13]'. [C:/Users/Andi/Desktop/ProiectSCID_Ripanu_Tiselita/ProiectSCID_Ripanu_Tiselita.srcs/constrs_1/new/basis3.xdc:25]
CRITICAL WARNING: [Common 17-55] 'set_property' expects at least one object. [C:/Users/Andi/Desktop/ProiectSCID_Ripanu_Tiselita/ProiectSCID_Ripanu_Tiselita.srcs/constrs_1/new/basis3.xdc:25]
Resolution: If [get_<value>] was used to populate the object, check to make sure this command returns at least one valid object.
WARNING: [Vivado 12-584] No ports matched 'sw[14]'. [C:/Users/Andi/Desktop/ProiectSCID_Ripanu_Tiselita/ProiectSCID_Ripanu_Tiselita.srcs/constrs_1/new/basis3.xdc:26]
CRITICAL WARNING: [Common 17-55] 'set_property' expects at least one object. [C:/Users/Andi/Desktop/ProiectSCID_Ripanu_Tiselita/ProiectSCID_Ripanu_Tiselita.srcs/constrs_1/new/basis3.xdc:26]
Resolution: If [get_<value>] was used to populate the object, check to make sure this command returns at least one valid object.
WARNING: [Vivado 12-584] No ports matched 'sw[15]'. [C:/Users/Andi/Desktop/ProiectSCID_Ripanu_Tiselita/ProiectSCID_Ripanu_Tiselita.srcs/constrs_1/new/basis3.xdc:27]
CRITICAL WARNING: [Common 17-55] 'set_property' expects at least one object. [C:/Users/Andi/Desktop/ProiectSCID_Ripanu_Tiselita/ProiectSCID_Ripanu_Tiselita.srcs/constrs_1/new/basis3.xdc:27]
Resolution: If [get_<value>] was used to populate the object, check to make sure this command returns at least one valid object.
WARNING: [Vivado 12-584] No ports matched 'led[0]'. [C:/Users/Andi/Desktop/ProiectSCID_Ripanu_Tiselita/ProiectSCID_Ripanu_Tiselita.srcs/constrs_1/new/basis3.xdc:31]
CRITICAL WARNING: [Common 17-55] 'set_property' expects at least one object. [C:/Users/Andi/Desktop/ProiectSCID_Ripanu_Tiselita/ProiectSCID_Ripanu_Tiselita.srcs/constrs_1/new/basis3.xdc:31]
Resolution: If [get_<value>] was used to populate the object, check to make sure this command returns at least one valid object.
WARNING: [Vivado 12-584] No ports matched 'led[1]'. [C:/Users/Andi/Desktop/ProiectSCID_Ripanu_Tiselita/ProiectSCID_Ripanu_Tiselita.srcs/constrs_1/new/basis3.xdc:32]
CRITICAL WARNING: [Common 17-55] 'set_property' expects at least one object. [C:/Users/Andi/Desktop/ProiectSCID_Ripanu_Tiselita/ProiectSCID_Ripanu_Tiselita.srcs/constrs_1/new/basis3.xdc:32]
Resolution: If [get_<value>] was used to populate the object, check to make sure this command returns at least one valid object.
WARNING: [Vivado 12-584] No ports matched 'led[2]'. [C:/Users/Andi/Desktop/ProiectSCID_Ripanu_Tiselita/ProiectSCID_Ripanu_Tiselita.srcs/constrs_1/new/basis3.xdc:33]
CRITICAL WARNING: [Common 17-55] 'set_property' expects at least one object. [C:/Users/Andi/Desktop/ProiectSCID_Ripanu_Tiselita/ProiectSCID_Ripanu_Tiselita.srcs/constrs_1/new/basis3.xdc:33]
Resolution: If [get_<value>] was used to populate the object, check to make sure this command returns at least one valid object.
WARNING: [Vivado 12-584] No ports matched 'led[3]'. [C:/Users/Andi/Desktop/ProiectSCID_Ripanu_Tiselita/ProiectSCID_Ripanu_Tiselita.srcs/constrs_1/new/basis3.xdc:34]
CRITICAL WARNING: [Common 17-55] 'set_property' expects at least one object. [C:/Users/Andi/Desktop/ProiectSCID_Ripanu_Tiselita/ProiectSCID_Ripanu_Tiselita.srcs/constrs_1/new/basis3.xdc:34]
Resolution: If [get_<value>] was used to populate the object, check to make sure this command returns at least one valid object.
WARNING: [Vivado 12-584] No ports matched 'led[4]'. [C:/Users/Andi/Desktop/ProiectSCID_Ripanu_Tiselita/ProiectSCID_Ripanu_Tiselita.srcs/constrs_1/new/basis3.xdc:35]
CRITICAL WARNING: [Common 17-55] 'set_property' expects at least one object. [C:/Users/Andi/Desktop/ProiectSCID_Ripanu_Tiselita/ProiectSCID_Ripanu_Tiselita.srcs/constrs_1/new/basis3.xdc:35]
Resolution: If [get_<value>] was used to populate the object, check to make sure this command returns at least one valid object.
WARNING: [Vivado 12-584] No ports matched 'led[5]'. [C:/Users/Andi/Desktop/ProiectSCID_Ripanu_Tiselita/ProiectSCID_Ripanu_Tiselita.srcs/constrs_1/new/basis3.xdc:36]
CRITICAL WARNING: [Common 17-55] 'set_property' expects at least one object. [C:/Users/Andi/Desktop/ProiectSCID_Ripanu_Tiselita/ProiectSCID_Ripanu_Tiselita.srcs/constrs_1/new/basis3.xdc:36]
Resolution: If [get_<value>] was used to populate the object, check to make sure this command returns at least one valid object.
WARNING: [Vivado 12-584] No ports matched 'led[6]'. [C:/Users/Andi/Desktop/ProiectSCID_Ripanu_Tiselita/ProiectSCID_Ripanu_Tiselita.srcs/constrs_1/new/basis3.xdc:37]
CRITICAL WARNING: [Common 17-55] 'set_property' expects at least one object. [C:/Users/Andi/Desktop/ProiectSCID_Ripanu_Tiselita/ProiectSCID_Ripanu_Tiselita.srcs/constrs_1/new/basis3.xdc:37]
Resolution: If [get_<value>] was used to populate the object, check to make sure this command returns at least one valid object.
WARNING: [Vivado 12-584] No ports matched 'led[7]'. [C:/Users/Andi/Desktop/ProiectSCID_Ripanu_Tiselita/ProiectSCID_Ripanu_Tiselita.srcs/constrs_1/new/basis3.xdc:38]
CRITICAL WARNING: [Common 17-55] 'set_property' expects at least one object. [C:/Users/Andi/Desktop/ProiectSCID_Ripanu_Tiselita/ProiectSCID_Ripanu_Tiselita.srcs/constrs_1/new/basis3.xdc:38]
Resolution: If [get_<value>] was used to populate the object, check to make sure this command returns at least one valid object.
WARNING: [Vivado 12-584] No ports matched 'led[8]'. [C:/Users/Andi/Desktop/ProiectSCID_Ripanu_Tiselita/ProiectSCID_Ripanu_Tiselita.srcs/constrs_1/new/basis3.xdc:39]
CRITICAL WARNING: [Common 17-55] 'set_property' expects at least one object. [C:/Users/Andi/Desktop/ProiectSCID_Ripanu_Tiselita/ProiectSCID_Ripanu_Tiselita.srcs/constrs_1/new/basis3.xdc:39]
Resolution: If [get_<value>] was used to populate the object, check to make sure this command returns at least one valid object.
WARNING: [Vivado 12-584] No ports matched 'led[9]'. [C:/Users/Andi/Desktop/ProiectSCID_Ripanu_Tiselita/ProiectSCID_Ripanu_Tiselita.srcs/constrs_1/new/basis3.xdc:40]
CRITICAL WARNING: [Common 17-55] 'set_property' expects at least one object. [C:/Users/Andi/Desktop/ProiectSCID_Ripanu_Tiselita/ProiectSCID_Ripanu_Tiselita.srcs/constrs_1/new/basis3.xdc:40]
Resolution: If [get_<value>] was used to populate the object, check to make sure this command returns at least one valid object.
WARNING: [Vivado 12-584] No ports matched 'led[10]'. [C:/Users/Andi/Desktop/ProiectSCID_Ripanu_Tiselita/ProiectSCID_Ripanu_Tiselita.srcs/constrs_1/new/basis3.xdc:41]
CRITICAL WARNING: [Common 17-55] 'set_property' expects at least one object. [C:/Users/Andi/Desktop/ProiectSCID_Ripanu_Tiselita/ProiectSCID_Ripanu_Tiselita.srcs/constrs_1/new/basis3.xdc:41]
Resolution: If [get_<value>] was used to populate the object, check to make sure this command returns at least one valid object.
WARNING: [Vivado 12-584] No ports matched 'led[11]'. [C:/Users/Andi/Desktop/ProiectSCID_Ripanu_Tiselita/ProiectSCID_Ripanu_Tiselita.srcs/constrs_1/new/basis3.xdc:42]
CRITICAL WARNING: [Common 17-55] 'set_property' expects at least one object. [C:/Users/Andi/Desktop/ProiectSCID_Ripanu_Tiselita/ProiectSCID_Ripanu_Tiselita.srcs/constrs_1/new/basis3.xdc:42]
Resolution: If [get_<value>] was used to populate the object, check to make sure this command returns at least one valid object.
WARNING: [Vivado 12-584] No ports matched 'led[12]'. [C:/Users/Andi/Desktop/ProiectSCID_Ripanu_Tiselita/ProiectSCID_Ripanu_Tiselita.srcs/constrs_1/new/basis3.xdc:43]
CRITICAL WARNING: [Common 17-55] 'set_property' expects at least one object. [C:/Users/Andi/Desktop/ProiectSCID_Ripanu_Tiselita/ProiectSCID_Ripanu_Tiselita.srcs/constrs_1/new/basis3.xdc:43]
Resolution: If [get_<value>] was used to populate the object, check to make sure this command returns at least one valid object.
WARNING: [Vivado 12-584] No ports matched 'led[13]'. [C:/Users/Andi/Desktop/ProiectSCID_Ripanu_Tiselita/ProiectSCID_Ripanu_Tiselita.srcs/constrs_1/new/basis3.xdc:44]
CRITICAL WARNING: [Common 17-55] 'set_property' expects at least one object. [C:/Users/Andi/Desktop/ProiectSCID_Ripanu_Tiselita/ProiectSCID_Ripanu_Tiselita.srcs/constrs_1/new/basis3.xdc:44]
Resolution: If [get_<value>] was used to populate the object, check to make sure this command returns at least one valid object.
WARNING: [Vivado 12-584] No ports matched 'led[14]'. [C:/Users/Andi/Desktop/ProiectSCID_Ripanu_Tiselita/ProiectSCID_Ripanu_Tiselita.srcs/constrs_1/new/basis3.xdc:45]
CRITICAL WARNING: [Common 17-55] 'set_property' expects at least one object. [C:/Users/Andi/Desktop/ProiectSCID_Ripanu_Tiselita/ProiectSCID_Ripanu_Tiselita.srcs/constrs_1/new/basis3.xdc:45]
Resolution: If [get_<value>] was used to populate the object, check to make sure this command returns at least one valid object.
WARNING: [Vivado 12-584] No ports matched 'led[15]'. [C:/Users/Andi/Desktop/ProiectSCID_Ripanu_Tiselita/ProiectSCID_Ripanu_Tiselita.srcs/constrs_1/new/basis3.xdc:46]
CRITICAL WARNING: [Common 17-55] 'set_property' expects at least one object. [C:/Users/Andi/Desktop/ProiectSCID_Ripanu_Tiselita/ProiectSCID_Ripanu_Tiselita.srcs/constrs_1/new/basis3.xdc:46]
Resolution: If [get_<value>] was used to populate the object, check to make sure this command returns at least one valid object.
WARNING: [Vivado 12-584] No ports matched 'dp'. [C:/Users/Andi/Desktop/ProiectSCID_Ripanu_Tiselita/ProiectSCID_Ripanu_Tiselita.srcs/constrs_1/new/basis3.xdc:58]
CRITICAL WARNING: [Common 17-55] 'set_property' expects at least one object. [C:/Users/Andi/Desktop/ProiectSCID_Ripanu_Tiselita/ProiectSCID_Ripanu_Tiselita.srcs/constrs_1/new/basis3.xdc:58]
Resolution: If [get_<value>] was used to populate the object, check to make sure this command returns at least one valid object.
WARNING: [Vivado 12-584] No ports matched 'an[0]'. [C:/Users/Andi/Desktop/ProiectSCID_Ripanu_Tiselita/ProiectSCID_Ripanu_Tiselita.srcs/constrs_1/new/basis3.xdc:60]
CRITICAL WARNING: [Common 17-55] 'set_property' expects at least one object. [C:/Users/Andi/Desktop/ProiectSCID_Ripanu_Tiselita/ProiectSCID_Ripanu_Tiselita.srcs/constrs_1/new/basis3.xdc:60]
Resolution: If [get_<value>] was used to populate the object, check to make sure this command returns at least one valid object.
WARNING: [Vivado 12-584] No ports matched 'an[1]'. [C:/Users/Andi/Desktop/ProiectSCID_Ripanu_Tiselita/ProiectSCID_Ripanu_Tiselita.srcs/constrs_1/new/basis3.xdc:61]
CRITICAL WARNING: [Common 17-55] 'set_property' expects at least one object. [C:/Users/Andi/Desktop/ProiectSCID_Ripanu_Tiselita/ProiectSCID_Ripanu_Tiselita.srcs/constrs_1/new/basis3.xdc:61]
Resolution: If [get_<value>] was used to populate the object, check to make sure this command returns at least one valid object.
WARNING: [Vivado 12-584] No ports matched 'an[2]'. [C:/Users/Andi/Desktop/ProiectSCID_Ripanu_Tiselita/ProiectSCID_Ripanu_Tiselita.srcs/constrs_1/new/basis3.xdc:62]
CRITICAL WARNING: [Common 17-55] 'set_property' expects at least one object. [C:/Users/Andi/Desktop/ProiectSCID_Ripanu_Tiselita/ProiectSCID_Ripanu_Tiselita.srcs/constrs_1/new/basis3.xdc:62]
Resolution: If [get_<value>] was used to populate the object, check to make sure this command returns at least one valid object.
WARNING: [Vivado 12-584] No ports matched 'an[3]'. [C:/Users/Andi/Desktop/ProiectSCID_Ripanu_Tiselita/ProiectSCID_Ripanu_Tiselita.srcs/constrs_1/new/basis3.xdc:63]
CRITICAL WARNING: [Common 17-55] 'set_property' expects at least one object. [C:/Users/Andi/Desktop/ProiectSCID_Ripanu_Tiselita/ProiectSCID_Ripanu_Tiselita.srcs/constrs_1/new/basis3.xdc:63]
Resolution: If [get_<value>] was used to populate the object, check to make sure this command returns at least one valid object.
Finished Parsing XDC File [C:/Users/Andi/Desktop/ProiectSCID_Ripanu_Tiselita/ProiectSCID_Ripanu_Tiselita.srcs/constrs_1/new/basis3.xdc]
INFO: [Project 1-236] Implementation specific constraints were found while reading constraint file [C:/Users/Andi/Desktop/ProiectSCID_Ripanu_Tiselita/ProiectSCID_Ripanu_Tiselita.srcs/constrs_1/new/basis3.xdc]. These constraints will be ignored for synthesis but will be used in implementation. Impacted constraints are listed in the file [.Xil/main_propImpl.xdc].
Resolution: To avoid this warning, move constraints listed in [.Xil/main_propImpl.xdc] to another XDC file and exclude this new file from synthesis with the used_in_synthesis property (File Properties dialog in GUI) and re-run elaboration/synthesis.
Completed Processing XDC Constraints

Netlist sorting complete. Time (s): cpu = 00:00:00 ; elapsed = 00:00:00 . Memory (MB): peak = 1414.027 ; gain = 0.000
INFO: [Project 1-111] Unisim Transformation Summary:
No Unisim elements were transformed.

The system cannot find the path specified.
Constraint Validation Runtime : Time (s): cpu = 00:00:00 ; elapsed = 00:00:00.002 . Memory (MB): peak = 1414.027 ; gain = 0.000
INFO: [Designutils 20-5440] No compile time benefit to using incremental synthesis; A full resynthesis will be run
INFO: [Designutils 20-4379] Flow is switching to default flow due to incremental criteria not met. If you would like to alter this behaviour and have the flow terminate instead, please set the following parameter config_implementation {autoIncr.Synth.RejectBehavior Terminate}
---------------------------------------------------------------------------------
Finished Constraint Validation : Time (s): cpu = 00:00:07 ; elapsed = 00:00:16 . Memory (MB): peak = 1414.027 ; gain = 560.176
---------------------------------------------------------------------------------
---------------------------------------------------------------------------------
Start Loading Part and Timing Information
---------------------------------------------------------------------------------
Loading part: xa7a35tcpg236-1I
---------------------------------------------------------------------------------
Finished Loading Part and Timing Information : Time (s): cpu = 00:00:07 ; elapsed = 00:00:16 . Memory (MB): peak = 1414.027 ; gain = 560.176
---------------------------------------------------------------------------------
---------------------------------------------------------------------------------
Start Applying 'set_property' XDC Constraints
---------------------------------------------------------------------------------
---------------------------------------------------------------------------------
Finished applying 'set_property' XDC Constraints : Time (s): cpu = 00:00:07 ; elapsed = 00:00:16 . Memory (MB): peak = 1414.027 ; gain = 560.176
---------------------------------------------------------------------------------
---------------------------------------------------------------------------------
Finished RTL Optimization Phase 2 : Time (s): cpu = 00:00:07 ; elapsed = 00:00:16 . Memory (MB): peak = 1414.027 ; gain = 560.176
---------------------------------------------------------------------------------
---------------------------------------------------------------------------------
Start RTL Component Statistics 
---------------------------------------------------------------------------------
Detailed RTL Component Info : 
+---Adders : 
	   2 Input    8 Bit       Adders := 3     
+---Registers : 
	                8 Bit    Registers := 3     
	                1 Bit    Registers := 2     
+---Muxes : 
	   9 Input    7 Bit        Muxes := 1     
	   2 Input    7 Bit        Muxes := 1     
	   8 Input    5 Bit        Muxes := 1     
	   2 Input    2 Bit        Muxes := 1     
	   2 Input    1 Bit        Muxes := 2     
---------------------------------------------------------------------------------
Finished RTL Component Statistics 
---------------------------------------------------------------------------------
---------------------------------------------------------------------------------
Start Part Resource Summary
---------------------------------------------------------------------------------
Part Resources:
DSPs: 90 (col length:60)
BRAMs: 100 (col length: RAMB18 60 RAMB36 30)
---------------------------------------------------------------------------------
Finished Part Resource Summary
---------------------------------------------------------------------------------
---------------------------------------------------------------------------------
Start Cross Boundary and Area Optimization
---------------------------------------------------------------------------------
WARNING: [Synth 8-7080] Parallel synthesis criteria is not met
---------------------------------------------------------------------------------
Finished Cross Boundary and Area Optimization : Time (s): cpu = 00:00:08 ; elapsed = 00:00:18 . Memory (MB): peak = 1414.027 ; gain = 560.176
---------------------------------------------------------------------------------
---------------------------------------------------------------------------------
Start Applying XDC Timing Constraints
---------------------------------------------------------------------------------
---------------------------------------------------------------------------------
Finished Applying XDC Timing Constraints : Time (s): cpu = 00:00:10 ; elapsed = 00:00:23 . Memory (MB): peak = 1414.027 ; gain = 560.176
---------------------------------------------------------------------------------
---------------------------------------------------------------------------------
Start Timing Optimization
---------------------------------------------------------------------------------
---------------------------------------------------------------------------------
Finished Timing Optimization : Time (s): cpu = 00:00:10 ; elapsed = 00:00:23 . Memory (MB): peak = 1414.027 ; gain = 560.176
---------------------------------------------------------------------------------
---------------------------------------------------------------------------------
Start Technology Mapping
---------------------------------------------------------------------------------
---------------------------------------------------------------------------------
Finished Technology Mapping : Time (s): cpu = 00:00:10 ; elapsed = 00:00:23 . Memory (MB): peak = 1414.027 ; gain = 560.176
---------------------------------------------------------------------------------
---------------------------------------------------------------------------------
Start IO Insertion
---------------------------------------------------------------------------------
---------------------------------------------------------------------------------
Start Flattening Before IO Insertion
---------------------------------------------------------------------------------
---------------------------------------------------------------------------------
Finished Flattening Before IO Insertion
---------------------------------------------------------------------------------
---------------------------------------------------------------------------------
Start Final Netlist Cleanup
---------------------------------------------------------------------------------
---------------------------------------------------------------------------------
Finished Final Netlist Cleanup
---------------------------------------------------------------------------------
---------------------------------------------------------------------------------
Finished IO Insertion : Time (s): cpu = 00:00:13 ; elapsed = 00:00:28 . Memory (MB): peak = 1414.027 ; gain = 560.176
---------------------------------------------------------------------------------
---------------------------------------------------------------------------------
Start Renaming Generated Instances
---------------------------------------------------------------------------------
---------------------------------------------------------------------------------
Finished Renaming Generated Instances : Time (s): cpu = 00:00:13 ; elapsed = 00:00:28 . Memory (MB): peak = 1414.027 ; gain = 560.176
---------------------------------------------------------------------------------
---------------------------------------------------------------------------------
Start Rebuilding User Hierarchy
---------------------------------------------------------------------------------
---------------------------------------------------------------------------------
Finished Rebuilding User Hierarchy : Time (s): cpu = 00:00:13 ; elapsed = 00:00:28 . Memory (MB): peak = 1414.027 ; gain = 560.176
---------------------------------------------------------------------------------
---------------------------------------------------------------------------------
Start Renaming Generated Ports
---------------------------------------------------------------------------------
---------------------------------------------------------------------------------
Finished Renaming Generated Ports : Time (s): cpu = 00:00:13 ; elapsed = 00:00:28 . Memory (MB): peak = 1414.027 ; gain = 560.176
---------------------------------------------------------------------------------
---------------------------------------------------------------------------------
Start Handling Custom Attributes
---------------------------------------------------------------------------------
---------------------------------------------------------------------------------
Finished Handling Custom Attributes : Time (s): cpu = 00:00:13 ; elapsed = 00:00:28 . Memory (MB): peak = 1414.027 ; gain = 560.176
---------------------------------------------------------------------------------
---------------------------------------------------------------------------------
Start Renaming Generated Nets
---------------------------------------------------------------------------------
---------------------------------------------------------------------------------
Finished Renaming Generated Nets : Time (s): cpu = 00:00:13 ; elapsed = 00:00:28 . Memory (MB): peak = 1414.027 ; gain = 560.176
---------------------------------------------------------------------------------
---------------------------------------------------------------------------------
Start Writing Synthesis Report
---------------------------------------------------------------------------------

Report BlackBoxes: 
+-+--------------+----------+
| |BlackBox name |Instances |
+-+--------------+----------+
+-+--------------+----------+

Report Cell Usage: 
+------+-------+------+
|      |Cell   |Count |
+------+-------+------+
|1     |BUFG   |     1|
|2     |CARRY4 |     3|
|3     |LUT1   |     3|
|4     |LUT2   |    11|
|5     |LUT3   |    11|
|6     |LUT4   |    15|
|7     |LUT5   |     5|
|8     |LUT6   |     5|
|9     |FDRE   |    26|
|10    |IBUF   |     4|
|11    |OBUF   |     8|
+------+-------+------+
---------------------------------------------------------------------------------
Finished Writing Synthesis Report : Time (s): cpu = 00:00:13 ; elapsed = 00:00:28 . Memory (MB): peak = 1414.027 ; gain = 560.176
---------------------------------------------------------------------------------
Synthesis finished with 0 errors, 0 critical warnings and 1 warnings.
Synthesis Optimization Runtime : Time (s): cpu = 00:00:09 ; elapsed = 00:00:26 . Memory (MB): peak = 1414.027 ; gain = 547.535
Synthesis Optimization Complete : Time (s): cpu = 00:00:13 ; elapsed = 00:00:28 . Memory (MB): peak = 1414.027 ; gain = 560.176
INFO: [Project 1-571] Translating synthesized netlist
Netlist sorting complete. Time (s): cpu = 00:00:00 ; elapsed = 00:00:00 . Memory (MB): peak = 1414.027 ; gain = 0.000
INFO: [Netlist 29-17] Analyzing 3 Unisim elements for replacement
INFO: [Netlist 29-28] Unisim Transformation completed in 0 CPU seconds
INFO: [Project 1-570] Preparing netlist for logic optimization
INFO: [Opt 31-138] Pushed 0 inverter(s) to 0 load pin(s).
Netlist sorting complete. Time (s): cpu = 00:00:00 ; elapsed = 00:00:00 . Memory (MB): peak = 1416.672 ; gain = 0.000
INFO: [Project 1-111] Unisim Transformation Summary:
No Unisim elements were transformed.

The system cannot find the path specified.
Synth Design complete | Checksum: 861c4003
INFO: [Common 17-83] Releasing license: Synthesis
33 Infos, 35 Warnings, 34 Critical Warnings and 0 Errors encountered.
synth_design completed successfully
synth_design: Time (s): cpu = 00:00:15 ; elapsed = 00:00:33 . Memory (MB): peak = 1416.672 ; gain = 954.898
INFO: [runtcl-6] Synthesis results are not added to the cache due to CRITICAL_WARNING
Write ShapeDB Complete: Time (s): cpu = 00:00:00 ; elapsed = 00:00:00.001 . Memory (MB): peak = 1416.672 ; gain = 0.000
INFO: [Common 17-1381] The checkpoint 'C:/Users/Andi/Desktop/ProiectSCID_Ripanu_Tiselita/ProiectSCID_Ripanu_Tiselita.runs/synth_1/main.dcp' has been generated.
INFO: [runtcl-4] Executing : report_utilization -file main_utilization_synth.rpt -pb main_utilization_synth.pb
INFO: [Common 17-206] Exiting Vivado at Thu May 30 18:30:16 2024...
